\BOOKMARK [0][-]{chapter.1}{Introducci\363n}{}% 1
\BOOKMARK [1][-]{section.1.1}{Justificaci\363n}{chapter.1}% 2
\BOOKMARK [2][-]{subsection.1.1.1}{Lugar de Estudio:Laguna Palcacocha}{section.1.1}% 3
\BOOKMARK [1][-]{section.1.2}{Relevancia}{chapter.1}% 4
\BOOKMARK [1][-]{section.1.3}{Motivaci\363n}{chapter.1}% 5
\BOOKMARK [1][-]{section.1.4}{Objetivo general}{chapter.1}% 6
\BOOKMARK [1][-]{section.1.5}{Objetivos espec\355ficos}{chapter.1}% 7
\BOOKMARK [0][-]{chapter.2}{Marco Conceptual}{}% 8
\BOOKMARK [1][-]{section.2.1}{Descriptores visuales}{chapter.2}% 9
\BOOKMARK [2][-]{subsection.2.1.1}{Descriptores Basados en Apariencia}{section.2.1}% 10
\BOOKMARK [2][-]{subsection.2.1.2}{Descriptores Basados en Movimiento}{section.2.1}% 11
\BOOKMARK [1][-]{section.2.2}{Clasificadores}{chapter.2}% 12
\BOOKMARK [2][-]{subsection.2.2.1}{Cascadas de Haar}{section.2.2}% 13
\BOOKMARK [2][-]{subsection.2.2.2}{Red Neuronal Convolucional}{section.2.2}% 14
\BOOKMARK [2][-]{subsection.2.2.3}{Support Vector Machine \(SVM\)}{section.2.2}% 15
\BOOKMARK [1][-]{section.2.3}{Evaluaci\363n }{chapter.2}% 16
\BOOKMARK [2][-]{subsection.2.3.1}{Evaluaci\363n del clasificador}{section.2.3}% 17
\BOOKMARK [2][-]{subsection.2.3.2}{Evaluaci\363n del detector}{section.2.3}% 18
\BOOKMARK [0][-]{chapter.3}{Revisi\363n Bibliogr\341fica}{}% 19
\BOOKMARK [1][-]{section.3.1}{Antecedentes del proyecto }{chapter.3}% 20
\BOOKMARK [0][-]{chapter.4}{Propuesta}{}% 21
\BOOKMARK [1][-]{section.4.1}{Base de datos}{chapter.4}% 22
\BOOKMARK [1][-]{section.4.2}{Experimentos}{chapter.4}% 23
\BOOKMARK [0][-]{chapter.5}{Cronograma de Actividades}{}% 24
\BOOKMARK [0][-]{chapter*.6}{Referencias}{}% 25
